Tue Sep 21 11:36:40 2021
{'cphequities': [2138.59, 2.24], 'aapl': [540.73, 4.62]}
({"Data":[[["USDCNY",-2147483648]]]});
¥-15652179
send status: 200
Tue Sep 21 11:38:26 2021
{'cphequities': [2138.59, 2.24], 'aapl': [540.73, 4.62]}
({"Data":[[["USDCNY",-2147483648]]]});
¥-15652179
send status: 200
Tue Sep 21 11:40:13 2021
{'cphequities': [2138.59, 2.24], 'aapl': [540.73, 4.62]}
({"Data":[[["USDCNY",-2147483648]]]});
¥-15652179
send status: 200
Tue Sep 21 11:41:59 2021
{'cphequities': [2138.59, 2.24], 'aapl': [540.73, 4.62]}
({"Data":[[["USDCNY",-2147483648]]]});
¥-15652179
send status: 200
Tue Sep 21 11:43:47 2021
{'cphequities': [2138.59, 2.24], 'aapl': [540.73, 4.62]}
({"Data":[[["USDCNY",-2147483648]]]});
¥-15652179
send status: 200
Tue Sep 21 11:45:33 2021
{'cphequities': [2138.59, 2.24], 'aapl': [540.73, 4.62]}
({"Data":[[["USDCNY",-2147483648]]]});
¥-15652179
send status: 200
Tue Sep 21 11:47:25 2021
{'cphequities': [2138.59, 2.24], 'aapl': [540.73, 4.62]}
({"Data":[[["USDCNY",-2147483648]]]});
¥-15652179
send status: 200
Tue Sep 21 11:49:07 2021
{'cphequities': [2138.59, 2.24], 'aapl': [540.73, 4.62]}
({"Data":[[["USDCNY",-2147483648]]]});
¥-15652179
send status: 200
Tue Sep 21 11:50:55 2021
{'cphequities': [2138.59, 2.24], 'aapl': [540.73, 4.62]}
({"Data":[[["USDCNY",-2147483648]]]});
¥-15652179
send status: 200
Tue Sep 21 11:52:42 2021
{'cphequities': [2138.59, 2.24], 'aapl': [540.73, 4.62]}
({"Data":[[["USDCNY",-2147483648]]]});
¥-15652179
send status: 200
Tue Sep 21 11:54:25 2021
{'cphequities': [2138.59, 2.24], 'aapl': [540.73, 4.62]}
({"Data":[[["USDCNY",-2147483648]]]});
¥-15652179
send status: 200
Tue Sep 21 11:56:07 2021
{'cphequities': [2138.59, 2.24], 'aapl': [540.73, 4.62]}
({"Data":[[["USDCNY",-2147483648]]]});
¥-15652179
send status: 200
Tue Sep 21 11:58:15 2021
{'cphequities': [2138.59, 2.24], 'aapl': [540.73, 4.62]}
({"Data":[[["USDCNY",-2147483648]]]});
¥-15652179
send status: 200
Tue Sep 21 12:00:04 2021
{'cphequities': [2138.59, 2.24], 'aapl': [540.73, 4.62]}
({"Data":[[["USDCNY",-2147483648]]]});
¥-15652179
send status: 200
Tue Sep 21 12:01:52 2021
{'cphequities': [2138.59, 2.24], 'aapl': [540.73, 4.62]}
({"Data":[[["USDCNY",-2147483648]]]});
¥-15652179
send status: 200
Tue Sep 21 12:03:40 2021
{'cphequities': [2138.59, 2.24], 'aapl': [540.73, 4.62]}
({"Data":[[["USDCNY",-2147483648]]]});
¥-15652179
send status: 200
Tue Sep 21 12:05:29 2021
{'cphequities': [2138.59, 2.24], 'aapl': [540.73, 4.62]}
({"Data":[[["USDCNY",-2147483648]]]});
¥-15652179
send status: 200
Tue Sep 21 12:07:23 2021
{'cphequities': [2138.59, 2.24], 'aapl': [540.73, 4.62]}
({"Data":[[["USDCNY",-2147483648]]]});
¥-15652179
send status: 200
Tue Sep 21 12:09:10 2021
{'cphequities': [2138.59, 2.24], 'aapl': [540.73, 4.62]}
({"Data":[[["USDCNY",-2147483648]]]});
¥-15652179
send status: 200
Tue Sep 21 12:11:00 2021
{'cphequities': [2138.59, 2.24], 'aapl': [540.73, 4.62]}
({"Data":[[["USDCNY",-2147483648]]]});
¥-15652179
send status: 200
Tue Sep 21 12:12:45 2021
{'cphequities': [2138.59, 2.24], 'aapl': [540.73, 4.62]}
({"Data":[[["USDCNY",-2147483648]]]});
¥-15652179
send status: 200
Tue Sep 21 12:14:33 2021
{'cphequities': [2138.59, 2.24], 'aapl': [540.73, 4.62]}
({"Data":[[["USDCNY",-2147483648]]]});
¥-15652179
send status: 200
Tue Sep 21 12:16:21 2021
{'cphequities': [2138.59, 2.24], 'aapl': [540.73, 4.62]}
({"Data":[[["USDCNY",-2147483648]]]});
¥-15652179
send status: 200
Tue Sep 21 12:18:01 2021
{'cphequities': [2138.59, 2.24], 'aapl': [540.73, 4.62]}
({"Data":[[["USDCNY",-2147483648]]]});
¥-15652179
send status: 200
Tue Sep 21 12:19:49 2021
{'cphequities': [2138.59, 2.24], 'aapl': [540.73, 4.62]}
({"Data":[[["USDCNY",-2147483648]]]});
¥-15652179
send status: 200
Tue Sep 21 12:21:37 2021
{'cphequities': [2138.59, 2.24], 'aapl': [540.73, 4.62]}
({"Data":[[["USDCNY",-2147483648]]]});
¥-15652179
send status: 200
Tue Sep 21 12:23:24 2021
{'cphequities': [2138.59, 2.24], 'aapl': [540.73, 4.62]}
({"Data":[[["USDCNY",-2147483648]]]});
¥-15652179
send status: 200
Tue Sep 21 12:25:10 2021
{'cphequities': [2138.59, 2.24], 'aapl': [540.73, 4.62]}
({"Data":[[["USDCNY",-2147483648]]]});
¥-15652179
send status: 200
Tue Sep 21 12:26:55 2021
{'cphequities': [2138.59, 2.24], 'aapl': [540.73, 4.62]}
({"Data":[[["USDCNY",-2147483648]]]});
¥-15652179
send status: 200
Tue Sep 21 12:28:41 2021
{'cphequities': [2138.59, 2.24], 'aapl': [540.73, 4.62]}
({"Data":[[["USDCNY",-2147483648]]]});
¥-15652179
send status: 200
Tue Sep 21 12:30:28 2021
{'cphequities': [2138.59, 2.24], 'aapl': [540.73, 4.62]}
({"Data":[[["USDCNY",-2147483648]]]});
¥-15652179
send status: 200
Tue Sep 21 12:32:17 2021
{'cphequities': [2138.59, 2.24], 'aapl': [540.73, 4.62]}
({"Data":[[["USDCNY",-2147483648]]]});
¥-15652179
send status: 200
Tue Sep 21 12:36:15 2021
{'cphequities': [2138.59, 2.24], 'aapl': [540.73, 4.62]}
({"Data":[[["USDCNY",-2147483648]]]});
¥-15652179
send status: 200
Tue Sep 21 12:38:03 2021
{'cphequities': [2138.59, 2.24], 'aapl': [540.73, 4.62]}
({"Data":[[["USDCNY",-2147483648]]]});
¥-15652179
send status: 200
Tue Sep 21 12:39:51 2021
{'cphequities': [2138.59, 2.24], 'aapl': [540.73, 4.62]}
({"Data":[[["USDCNY",-2147483648]]]});
¥-15652179
send status: 200
Tue Sep 21 12:43:49 2021
{'cphequities': [2138.59, 2.24], 'aapl': [540.73, 4.62]}
({"Data":[[["USDCNY",-2147483648]]]});
¥-15652179
send status: 200
Tue Sep 21 12:45:40 2021
{'cphequities': [2138.59, 2.24], 'aapl': [540.73, 4.62]}
({"Data":[[["USDCNY",-2147483648]]]});
¥-15652179
send status: 200
Tue Sep 21 12:47:27 2021
{'cphequities': [2138.59, 2.24], 'aapl': [540.73, 4.62]}
({"Data":[[["USDCNY",-2147483648]]]});
¥-15652179
send status: 200
Tue Sep 21 12:49:15 2021
{'cphequities': [2138.59, 2.24], 'aapl': [540.73, 4.62]}
({"Data":[[["USDCNY",-2147483648]]]});
¥-15652179
send status: 200
Tue Sep 21 12:51:02 2021
{'cphequities': [2138.59, 2.24], 'aapl': [540.73, 4.62]}
({"Data":[[["USDCNY",-2147483648]]]});
¥-15652179
send status: 200
Tue Sep 21 12:52:50 2021
{'cphequities': [2138.59, 2.24], 'aapl': [540.73, 4.62]}
({"Data":[[["USDCNY",-2147483648]]]});
¥-15652179
send status: 200
Tue Sep 21 12:54:40 2021
{'cphequities': [2138.59, 2.24], 'aapl': [540.73, 4.62]}
({"Data":[[["USDCNY",-2147483648]]]});
¥-15652179
send status: 200
Tue Sep 21 12:56:30 2021
{'cphequities': [2138.59, 2.24], 'aapl': [540.73, 4.62]}
({"Data":[[["USDCNY",-2147483648]]]});
¥-15652179
send status: 200
Tue Sep 21 12:58:09 2021
{'cphequities': [2138.59, 2.24], 'aapl': [540.73, 4.62]}
({"Data":[[["USDCNY",-2147483648]]]});
¥-15652179
send status: 200
Tue Sep 21 12:59:58 2021
{'cphequities': [2138.59, 2.24], 'aapl': [540.73, 4.62]}
({"Data":[[["USDCNY",-2147483648]]]});
¥-15652179
send status: 200
Tue Sep 21 13:01:46 2021
{'cphequities': [2138.59, 2.24], 'aapl': [540.73, 4.62]}
({"Data":[[["USDCNY",-2147483648]]]});
¥-15652179
send status: 200
Tue Sep 21 13:03:35 2021
{'cphequities': [2138.59, 2.24], 'aapl': [540.73, 4.62]}
({"Data":[[["USDCNY",-2147483648]]]});
¥-15652179
send status: 200
Tue Sep 21 13:05:23 2021
{'cphequities': [2138.59, 2.24], 'aapl': [540.73, 4.62]}
({"Data":[[["USDCNY",-2147483648]]]});
¥-15652179
send status: 200
Tue Sep 21 13:07:09 2021
{'cphequities': [2138.59, 2.24], 'aapl': [540.73, 4.62]}
({"Data":[[["USDCNY",-2147483648]]]});
¥-15652179
send status: 200
Tue Sep 21 13:08:56 2021
{'cphequities': [2138.59, 2.24], 'aapl': [540.73, 4.62]}
({"Data":[[["USDCNY",-2147483648]]]});
¥-15652179
send status: 200
Tue Sep 21 13:10:44 2021
{'cphequities': [2138.59, 2.24], 'aapl': [540.73, 4.62]}
({"Data":[[["USDCNY",-2147483648]]]});
¥-15652179
send status: 200
Tue Sep 21 13:12:25 2021
{'cphequities': [2138.59, 2.24], 'aapl': [540.73, 4.62]}
({"Data":[[["USDCNY",-2147483648]]]});
¥-15652179
send status: 200
Tue Sep 21 13:14:12 2021
{'cphequities': [2138.59, 2.24], 'aapl': [540.73, 4.62]}
({"Data":[[["USDCNY",-2147483648]]]});
¥-15652179
send status: 200
Tue Sep 21 13:16:00 2021
{'cphequities': [2138.59, 2.24], 'aapl': [540.73, 4.62]}
({"Data":[[["USDCNY",-2147483648]]]});
¥-15652179
send status: 200
Tue Sep 21 13:17:49 2021
{'cphequities': [2138.59, 2.24], 'aapl': [540.73, 4.62]}
({"Data":[[["USDCNY",-2147483648]]]});
¥-15652179
send status: 200
Tue Sep 21 13:19:37 2021
{'cphequities': [2138.59, 2.24], 'aapl': [540.73, 4.62]}
({"Data":[[["USDCNY",-2147483648]]]});
¥-15652179
send status: 200
Tue Sep 21 13:21:21 2021
{'cphequities': [2138.59, 2.24], 'aapl': [540.73, 4.62]}
({"Data":[[["USDCNY",-2147483648]]]});
¥-15652179
send status: 200
Tue Sep 21 13:23:05 2021
{'cphequities': [2138.59, 2.24], 'aapl': [540.73, 4.62]}
({"Data":[[["USDCNY",-2147483648]]]});
¥-15652179
send status: 200
Tue Sep 21 13:25:14 2021
{'cphequities': [2138.59, 2.24], 'aapl': [540.73, 4.62]}
({"Data":[[["USDCNY",-2147483648]]]});
¥-15652179
send status: 200
Tue Sep 21 13:27:02 2021
{'cphequities': [2138.59, 2.24], 'aapl': [540.73, 4.62]}
({"Data":[[["USDCNY",-2147483648]]]});
¥-15652179
send status: 200
Tue Sep 21 13:28:50 2021
{'cphequities': [2138.59, 2.24], 'aapl': [540.73, 4.62]}
({"Data":[[["USDCNY",-2147483648]]]});
¥-15652179
send status: 200
Tue Sep 21 13:30:38 2021
{'cphequities': [2138.59, 2.24], 'aapl': [540.73, 4.62]}
({"Data":[[["USDCNY",-2147483648]]]});
¥-15652179
send status: 200
Tue Sep 21 13:32:19 2021
{'cphequities': [2138.59, 2.24], 'aapl': [540.73, 4.62]}
({"Data":[[["USDCNY",-2147483648]]]});
¥-15652179
send status: 200
Tue Sep 21 13:34:05 2021
{'cphequities': [2138.59, 2.24], 'aapl': [540.73, 4.62]}
({"Data":[[["USDCNY",-2147483648]]]});
¥-15652179
send status: 200
Tue Sep 21 13:37:59 2021
{'cphequities': [2138.59, 2.24], 'aapl': [540.73, 4.62]}
({"Data":[[["USDCNY",-2147483648]]]});
¥-15652179
send status: 200
Tue Sep 21 13:39:47 2021
{'cphequities': [2138.59, 2.24], 'aapl': [540.73, 4.62]}
({"Data":[[["USDCNY",-2147483648]]]});
¥-15652179
send status: 200
Tue Sep 21 13:41:35 2021
{'cphequities': [2138.59, 2.24], 'aapl': [540.73, 4.62]}
({"Data":[[["USDCNY",-2147483648]]]});
¥-15652179
send status: 200
Tue Sep 21 13:43:22 2021
{'cphequities': [2138.59, 2.24], 'aapl': [540.73, 4.62]}
({"Data":[[["USDCNY",-2147483648]]]});
¥-15652179
send status: 200
Tue Sep 21 13:45:10 2021
{'cphequities': [2138.59, 2.24], 'aapl': [540.73, 4.62]}
({"Data":[[["USDCNY",-2147483648]]]});
¥-15652179
send status: 200
Tue Sep 21 13:46:57 2021
{'cphequities': [2138.59, 2.24], 'aapl': [540.73, 4.62]}
({"Data":[[["USDCNY",-2147483648]]]});
¥-15652179
send status: 200
Tue Sep 21 13:48:42 2021
{'cphequities': [2138.59, 2.24], 'aapl': [540.73, 4.62]}
({"Data":[[["USDCNY",-2147483648]]]});
¥-15652179
send status: 200
Tue Sep 21 13:50:21 2021
{'cphequities': [2138.59, 2.24], 'aapl': [540.73, 4.62]}
({"Data":[[["USDCNY",-2147483648]]]});
¥-15652179
send status: 200
Tue Sep 21 13:52:10 2021
{'cphequities': [2138.59, 2.24], 'aapl': [540.73, 4.62]}
({"Data":[[["USDCNY",-2147483648]]]});
¥-15652179
send status: 200
Tue Sep 21 13:53:51 2021
{'cphequities': [2138.59, 2.24], 'aapl': [540.73, 4.62]}
({"Data":[[["USDCNY",-2147483648]]]});
¥-15652179
send status: 200
Tue Sep 21 13:55:38 2021
{'cphequities': [2138.59, 2.24], 'aapl': [540.73, 4.62]}
({"Data":[[["USDCNY",-2147483648]]]});
¥-15652179
send status: 200
Tue Sep 21 13:57:27 2021
{'cphequities': [2138.59, 2.24], 'aapl': [540.73, 4.62]}
({"Data":[[["USDCNY",-2147483648]]]});
¥-15652179
send status: 200
Tue Sep 21 13:59:16 2021
{'cphequities': [2138.59, 2.24], 'aapl': [540.73, 4.62]}
({"Data":[[["USDCNY",-2147483648]]]});
¥-15652179
send status: 200
Tue Sep 21 14:01:01 2021
{'cphequities': [2138.59, 2.24], 'aapl': [540.73, 4.62]}
({"Data":[[["USDCNY",-2147483648]]]});
¥-15652179
send status: 200
Tue Sep 21 14:02:50 2021
{'cphequities': [2138.59, 2.24], 'aapl': [540.73, 4.62]}
({"Data":[[["USDCNY",-2147483648]]]});
¥-15652179
send status: 200
Tue Sep 21 14:04:39 2021
{'cphequities': [2138.59, 2.24], 'aapl': [540.73, 4.62]}
({"Data":[[["USDCNY",-2147483648]]]});
¥-15652179
send status: 200
Tue Sep 21 14:06:19 2021
{'cphequities': [2138.59, 2.24], 'aapl': [540.73, 4.62]}
({"Data":[[["USDCNY",-2147483648]]]});
¥-15652179
send status: 200
Tue Sep 21 14:08:06 2021
{'cphequities': [2138.59, 2.24], 'aapl': [540.73, 4.62]}
({"Data":[[["USDCNY",-2147483648]]]});
¥-15652179
send status: 200
Tue Sep 21 14:09:54 2021
{'cphequities': [2138.59, 2.24], 'aapl': [540.73, 4.62]}
({"Data":[[["USDCNY",-2147483648]]]});
¥-15652179
send status: 200
Tue Sep 21 14:11:33 2021
{'cphequities': [2138.59, 2.24], 'aapl': [540.73, 4.62]}
({"Data":[[["USDCNY",-2147483648]]]});
¥-15652179
send status: 200
Tue Sep 21 14:13:21 2021
{'cphequities': [2138.59, 2.24], 'aapl': [540.73, 4.62]}
({"Data":[[["USDCNY",-2147483648]]]});
¥-15652179
send status: 200
Tue Sep 21 14:15:09 2021
{'cphequities': [2138.59, 2.24], 'aapl': [540.73, 4.62]}
({"Data":[[["USDCNY",-2147483648]]]});
¥-15652179
send status: 200
Tue Sep 21 14:16:54 2021
{'cphequities': [2138.59, 2.24], 'aapl': [540.73, 4.62]}
({"Data":[[["USDCNY",-2147483648]]]});
¥-15652179
send status: 200
Tue Sep 21 14:18:41 2021
{'cphequities': [2138.59, 2.24], 'aapl': [540.73, 4.62]}
({"Data":[[["USDCNY",-2147483648]]]});
¥-15652179
send status: 200
Tue Sep 21 14:22:38 2021
{'cphequities': [2138.59, 2.24], 'aapl': [540.73, 4.62]}
({"Data":[[["USDCNY",-2147483648]]]});
¥-15652179
send status: 200
Tue Sep 21 14:24:28 2021
{'cphequities': [2138.59, 2.24], 'aapl': [540.73, 4.62]}
({"Data":[[["USDCNY",-2147483648]]]});
¥-15652179
send status: 200
Tue Sep 21 14:26:15 2021
{'cphequities': [2138.59, 2.24], 'aapl': [540.73, 4.62]}
({"Data":[[["USDCNY",-2147483648]]]});
¥-15652179
send status: 200
Tue Sep 21 14:28:05 2021
